<?xml version="1.0" encoding="UTF-8"?>
<!-- Generated by org.testng.reporters.JUnitXMLReporter -->
<testsuite hostname="I-VijayI" ignored="5" name="Test" tests="6" failures="0" timestamp="2020-04-22T14:09:37 CDT" time="22028.17" errors="0">
  <testcase name="TC_01_Login" time="12.959" classname="wv.testcases.TC_01_Login"/>
  <testcase name="TC_06_Discount_Summary" time="48.519" classname="wv.testcases.TC_06_Discount_Summary"/>
  <testcase name="TC_05_Create_Charger" time="18351.219" classname="wv.testcases.TC_05_Create_Charger"/>
  <testcase name="TC_04_Create_Station" time="1205.049" classname="wv.testcases.TC_04_Create_Station"/>
  <testcase name="Rate_Profile" time="1205.044" classname="wv.testcases.TC_07_Rate_Profile"/>
  <testcase name="Operating_Hour_Profile_Group_Summary" time="1205.042" classname="wv.testcases.TC_08_Operating_Hour_Profile_Group_Summary"/>
  <testcase name="@BeforeSuite intializeTestSuite" time="0.0" classname="wv.annotations.Annotations">
    <ignored/>
  </testcase> <!-- @BeforeSuite intializeTestSuite -->
  <testcase name="@BeforeSuite intializeTestSuite" time="0.0" classname="wv.annotations.Annotations">
    <ignored/>
  </testcase> <!-- @BeforeSuite intializeTestSuite -->
  <testcase name="@BeforeSuite intializeTestSuite" time="0.0" classname="wv.annotations.Annotations">
    <ignored/>
  </testcase> <!-- @BeforeSuite intializeTestSuite -->
  <testcase name="@BeforeSuite intializeTestSuite" time="0.0" classname="wv.annotations.Annotations">
    <ignored/>
  </testcase> <!-- @BeforeSuite intializeTestSuite -->
  <testcase name="@BeforeSuite intializeTestSuite" time="0.0" classname="wv.annotations.Annotations">
    <ignored/>
  </testcase> <!-- @BeforeSuite intializeTestSuite -->
</testsuite> <!-- Test -->
